<?xml version="1.0" encoding="UTF-8"?>
<!-- Generated by org.testng.reporters.JUnitXMLReporter -->
<testsuite ignored="8" hostname="DESKTOP-0RE3VLS" failures="0" tests="1" name="Default test" time="10.61" errors="0" timestamp="2022-06-05T19:19:08 EDT">
  <testcase classname="testLayer.SCMTest" name="Product_Information" time="5.349"/>
  <testcase classname="testLayer.SCMTest" name="Close_And_Reopen_the_site" time="0.0">
    <ignored/>
  </testcase> <!-- Close_And_Reopen_the_site -->
  <testcase classname="testLayer.SCMTest" name="Add_morethan_one_item_to_cart" time="0.0">
    <ignored/>
  </testcase> <!-- Add_morethan_one_item_to_cart -->
  <testcase classname="testLayer.SCMTest" name="Click_an_item_in_the_cart" time="0.0">
    <ignored/>
  </testcase> <!-- Click_an_item_in_the_cart -->
  <testcase classname="testLayer.SCMTest" name="Add_one_item_to_cart" time="0.0">
    <ignored/>
  </testcase> <!-- Add_one_item_to_cart -->
  <testcase classname="testLayer.SCMTest" name="Add_same_item_multiple_times" time="0.0">
    <ignored/>
  </testcase> <!-- Add_same_item_multiple_times -->
  <testcase classname="testLayer.SCMTest" name="Remove_all_item_from_cart" time="0.0">
    <ignored/>
  </testcase> <!-- Remove_all_item_from_cart -->
  <testcase classname="testLayer.SCMTest" name="Add_multiple_items_of_different_type_items" time="0.0">
    <ignored/>
  </testcase> <!-- Add_multiple_items_of_different_type_items -->
  <testcase classname="testLayer.SCMTest" name="Remove_some_item_from_cart" time="0.0">
    <ignored/>
  </testcase> <!-- Remove_some_item_from_cart -->
</testsuite> <!-- Default test -->
