<?xml version="1.0" encoding="UTF-8"?>
<testng-results ignored="8" total="9" passed="1" failed="0" skipped="0">
  <reporter-output>
  </reporter-output>
  <suite started-at="2022-06-05T19:18:57 EDT" name="Default suite" finished-at="2022-06-05T19:19:08 EDT" duration-ms="10610">
    <groups>
    </groups>
    <test started-at="2022-06-05T19:18:57 EDT" name="Default test" finished-at="2022-06-05T19:19:08 EDT" duration-ms="10610">
      <class name="testLayer.SCMTest">
        <test-method is-config="true" signature="initsetup()[pri:0, instance:testLayer.SCMTest@78b66d36]" started-at="2022-06-05T19:18:57 EDT" name="initsetup" finished-at="2022-06-05T19:19:02 EDT" duration-ms="5197" status="PASS">
          <reporter-output>
          </reporter-output>
        </test-method> <!-- initsetup -->
        <test-method signature="Product_Information()[pri:8, instance:testLayer.SCMTest@78b66d36]" started-at="2022-06-05T19:19:02 EDT" name="Product_Information" finished-at="2022-06-05T19:19:08 EDT" duration-ms="5349" status="PASS">
          <reporter-output>
          </reporter-output>
        </test-method> <!-- Product_Information -->
      </class> <!-- testLayer.SCMTest -->
    </test> <!-- Default test -->
  </suite> <!-- Default suite -->
</testng-results>
